20:42:05.066 [main] INFO  JAVA.nttdata.javat1.T1MainPPAlba - [main] - LANZAMIENTO DEL PROGRAMA
20:42:05.070 [main] INFO  JAVA.nttdata.javat1.game.Game - [menu] - ENTRADA AL MÉTODO MENU
20:42:13.347 [main] INFO  JAVA.nttdata.javat1.game.Game - [newPlayer] - ENTRADA AL MÉTODO DE CREACIÓN DE UN NUEVO JUGADOR
20:42:15.259 [main] INFO  JAVA.nttdata.javat1.game.Player - [<init>] - JUGADOR CREADO : Alba
20:42:15.259 [main] INFO  JAVA.nttdata.javat1.game.Game - [newPlayer] - MÉTODO EJECUTADO CORRECTAMENTE
20:42:16.318 [main] INFO  JAVA.nttdata.javat1.game.Ball - [StartScore] - ENTRADA AL MÉTODO DE ASIGNACIÓN DE PUNTUACIÓN
20:42:16.326 [main] INFO  JAVA.nttdata.javat1.game.Ball - [random] - ENTRADA AL MÉTODO RANDOM
20:42:16.326 [main] INFO  JAVA.nttdata.javat1.game.Ball - [random] - MÉTODO RANDOM EJECUTADO CORRECTAMENTE
20:42:16.326 [main] INFO  JAVA.nttdata.javat1.game.Ball - [random] - ENTRADA AL MÉTODO RANDOM
20:42:16.326 [main] INFO  JAVA.nttdata.javat1.game.Ball - [random] - MÉTODO RANDOM EJECUTADO CORRECTAMENTE
20:42:16.326 [main] INFO  JAVA.nttdata.javat1.game.Ball - [random] - ENTRADA AL MÉTODO RANDOM
20:42:16.326 [main] INFO  JAVA.nttdata.javat1.game.Ball - [random] - MÉTODO RANDOM EJECUTADO CORRECTAMENTE
20:42:16.327 [main] INFO  JAVA.nttdata.javat1.game.Ball - [StartScore] - ASIGNACIÓN DE PUNTUACIÓN CORRECTA
20:42:19.434 [main] INFO  JAVA.nttdata.javat1.game.Player - [toString] - INFORMACIÓN QUE SALE POR PANTALLA DEL JUGADOR : Alba , 8000
20:42:21.084 [main] INFO  JAVA.nttdata.javat1.game.Game - [newPlayer] - ENTRADA AL MÉTODO DE CREACIÓN DE UN NUEVO JUGADOR
20:42:22.696 [main] INFO  JAVA.nttdata.javat1.game.Player - [<init>] - JUGADOR CREADO : Juan
20:42:22.697 [main] INFO  JAVA.nttdata.javat1.game.Game - [newPlayer] - MÉTODO EJECUTADO CORRECTAMENTE
20:42:23.874 [main] INFO  JAVA.nttdata.javat1.game.Ball - [StartScore] - ENTRADA AL MÉTODO DE ASIGNACIÓN DE PUNTUACIÓN
20:42:23.874 [main] INFO  JAVA.nttdata.javat1.game.Ball - [random] - ENTRADA AL MÉTODO RANDOM
20:42:23.874 [main] INFO  JAVA.nttdata.javat1.game.Ball - [random] - MÉTODO RANDOM EJECUTADO CORRECTAMENTE
20:42:23.875 [main] INFO  JAVA.nttdata.javat1.game.Ball - [random] - ENTRADA AL MÉTODO RANDOM
20:42:23.875 [main] INFO  JAVA.nttdata.javat1.game.Ball - [random] - MÉTODO RANDOM EJECUTADO CORRECTAMENTE
20:42:23.876 [main] INFO  JAVA.nttdata.javat1.game.Ball - [random] - ENTRADA AL MÉTODO RANDOM
20:42:23.876 [main] INFO  JAVA.nttdata.javat1.game.Ball - [random] - MÉTODO RANDOM EJECUTADO CORRECTAMENTE
20:42:23.876 [main] INFO  JAVA.nttdata.javat1.game.Ball - [random] - ENTRADA AL MÉTODO RANDOM
20:42:23.877 [main] INFO  JAVA.nttdata.javat1.game.Ball - [random] - MÉTODO RANDOM EJECUTADO CORRECTAMENTE
20:42:23.877 [main] INFO  JAVA.nttdata.javat1.game.Ball - [random] - ENTRADA AL MÉTODO RANDOM
20:42:23.877 [main] INFO  JAVA.nttdata.javat1.game.Ball - [random] - MÉTODO RANDOM EJECUTADO CORRECTAMENTE
20:42:23.877 [main] INFO  JAVA.nttdata.javat1.game.Ball - [StartScore] - ASIGNACIÓN DE PUNTUACIÓN CORRECTA
20:42:26.043 [main] INFO  JAVA.nttdata.javat1.game.Score - [compare] - ENTRADA AL MÉTODO COMPARACION DE PUNTUACIONES
20:42:26.044 [main] INFO  JAVA.nttdata.javat1.game.Score - [compare] - MÉTODO FINALIZADO, DIFERENCIA DE PUNTUACIÓN OBTENIDA : -5000
20:42:26.044 [main] INFO  JAVA.nttdata.javat1.game.Player - [toString] - INFORMACIÓN QUE SALE POR PANTALLA DEL JUGADOR : Juan , 13000
20:42:26.046 [main] INFO  JAVA.nttdata.javat1.game.Player - [toString] - INFORMACIÓN QUE SALE POR PANTALLA DEL JUGADOR : Alba , 8000
20:42:27.927 [main] INFO  JAVA.nttdata.javat1.game.Game - [newPlayer] - ENTRADA AL MÉTODO DE CREACIÓN DE UN NUEVO JUGADOR
20:42:30.679 [main] INFO  JAVA.nttdata.javat1.game.Player - [<init>] - JUGADOR CREADO : Jose
20:42:30.681 [main] INFO  JAVA.nttdata.javat1.game.Game - [newPlayer] - MÉTODO EJECUTADO CORRECTAMENTE
20:42:31.888 [main] INFO  JAVA.nttdata.javat1.game.Ball - [StartScore] - ENTRADA AL MÉTODO DE ASIGNACIÓN DE PUNTUACIÓN
20:42:31.889 [main] INFO  JAVA.nttdata.javat1.game.Ball - [random] - ENTRADA AL MÉTODO RANDOM
20:42:31.890 [main] INFO  JAVA.nttdata.javat1.game.Ball - [random] - MÉTODO RANDOM EJECUTADO CORRECTAMENTE
20:42:31.891 [main] INFO  JAVA.nttdata.javat1.game.Ball - [random] - ENTRADA AL MÉTODO RANDOM
20:42:31.891 [main] INFO  JAVA.nttdata.javat1.game.Ball - [random] - MÉTODO RANDOM EJECUTADO CORRECTAMENTE
20:42:31.891 [main] INFO  JAVA.nttdata.javat1.game.Ball - [random] - ENTRADA AL MÉTODO RANDOM
20:42:31.891 [main] INFO  JAVA.nttdata.javat1.game.Ball - [random] - MÉTODO RANDOM EJECUTADO CORRECTAMENTE
20:42:31.892 [main] INFO  JAVA.nttdata.javat1.game.Ball - [random] - ENTRADA AL MÉTODO RANDOM
20:42:31.892 [main] INFO  JAVA.nttdata.javat1.game.Ball - [random] - MÉTODO RANDOM EJECUTADO CORRECTAMENTE
20:42:31.892 [main] INFO  JAVA.nttdata.javat1.game.Ball - [random] - ENTRADA AL MÉTODO RANDOM
20:42:31.892 [main] INFO  JAVA.nttdata.javat1.game.Ball - [random] - MÉTODO RANDOM EJECUTADO CORRECTAMENTE
20:42:31.892 [main] INFO  JAVA.nttdata.javat1.game.Ball - [random] - ENTRADA AL MÉTODO RANDOM
20:42:31.893 [main] INFO  JAVA.nttdata.javat1.game.Ball - [random] - MÉTODO RANDOM EJECUTADO CORRECTAMENTE
20:42:31.893 [main] INFO  JAVA.nttdata.javat1.game.Ball - [random] - ENTRADA AL MÉTODO RANDOM
20:42:31.893 [main] INFO  JAVA.nttdata.javat1.game.Ball - [random] - MÉTODO RANDOM EJECUTADO CORRECTAMENTE
20:42:31.893 [main] INFO  JAVA.nttdata.javat1.game.Ball - [random] - ENTRADA AL MÉTODO RANDOM
20:42:31.893 [main] INFO  JAVA.nttdata.javat1.game.Ball - [random] - MÉTODO RANDOM EJECUTADO CORRECTAMENTE
20:42:31.893 [main] INFO  JAVA.nttdata.javat1.game.Ball - [random] - ENTRADA AL MÉTODO RANDOM
20:42:31.893 [main] INFO  JAVA.nttdata.javat1.game.Ball - [random] - MÉTODO RANDOM EJECUTADO CORRECTAMENTE
20:42:31.893 [main] INFO  JAVA.nttdata.javat1.game.Ball - [random] - ENTRADA AL MÉTODO RANDOM
20:42:31.893 [main] INFO  JAVA.nttdata.javat1.game.Ball - [random] - MÉTODO RANDOM EJECUTADO CORRECTAMENTE
20:42:31.893 [main] INFO  JAVA.nttdata.javat1.game.Ball - [random] - ENTRADA AL MÉTODO RANDOM
20:42:31.893 [main] INFO  JAVA.nttdata.javat1.game.Ball - [random] - MÉTODO RANDOM EJECUTADO CORRECTAMENTE
20:42:31.893 [main] INFO  JAVA.nttdata.javat1.game.Ball - [random] - ENTRADA AL MÉTODO RANDOM
20:42:31.893 [main] INFO  JAVA.nttdata.javat1.game.Ball - [random] - MÉTODO RANDOM EJECUTADO CORRECTAMENTE
20:42:31.894 [main] INFO  JAVA.nttdata.javat1.game.Ball - [random] - ENTRADA AL MÉTODO RANDOM
20:42:31.894 [main] INFO  JAVA.nttdata.javat1.game.Ball - [random] - MÉTODO RANDOM EJECUTADO CORRECTAMENTE
20:42:31.894 [main] INFO  JAVA.nttdata.javat1.game.Ball - [random] - ENTRADA AL MÉTODO RANDOM
20:42:31.894 [main] INFO  JAVA.nttdata.javat1.game.Ball - [random] - MÉTODO RANDOM EJECUTADO CORRECTAMENTE
20:42:31.894 [main] INFO  JAVA.nttdata.javat1.game.Ball - [StartScore] - ASIGNACIÓN DE PUNTUACIÓN CORRECTA
20:42:35.406 [main] INFO  JAVA.nttdata.javat1.game.Score - [compare] - ENTRADA AL MÉTODO COMPARACION DE PUNTUACIONES
20:42:35.406 [main] INFO  JAVA.nttdata.javat1.game.Score - [compare] - MÉTODO FINALIZADO, DIFERENCIA DE PUNTUACIÓN OBTENIDA : 5000
20:42:35.406 [main] INFO  JAVA.nttdata.javat1.game.Score - [compare] - ENTRADA AL MÉTODO COMPARACION DE PUNTUACIONES
20:42:35.406 [main] INFO  JAVA.nttdata.javat1.game.Score - [compare] - MÉTODO FINALIZADO, DIFERENCIA DE PUNTUACIÓN OBTENIDA : -22000
20:42:35.407 [main] INFO  JAVA.nttdata.javat1.game.Score - [compare] - ENTRADA AL MÉTODO COMPARACION DE PUNTUACIONES
20:42:35.407 [main] INFO  JAVA.nttdata.javat1.game.Score - [compare] - MÉTODO FINALIZADO, DIFERENCIA DE PUNTUACIÓN OBTENIDA : -22000
20:42:35.407 [main] INFO  JAVA.nttdata.javat1.game.Score - [compare] - ENTRADA AL MÉTODO COMPARACION DE PUNTUACIONES
20:42:35.407 [main] INFO  JAVA.nttdata.javat1.game.Score - [compare] - MÉTODO FINALIZADO, DIFERENCIA DE PUNTUACIÓN OBTENIDA : -17000
20:42:35.407 [main] INFO  JAVA.nttdata.javat1.game.Player - [toString] - INFORMACIÓN QUE SALE POR PANTALLA DEL JUGADOR : Jose , 30000
20:42:35.407 [main] INFO  JAVA.nttdata.javat1.game.Player - [toString] - INFORMACIÓN QUE SALE POR PANTALLA DEL JUGADOR : Juan , 13000
20:42:35.408 [main] INFO  JAVA.nttdata.javat1.game.Player - [toString] - INFORMACIÓN QUE SALE POR PANTALLA DEL JUGADOR : Alba , 8000
20:42:38.151 [main] INFO  JAVA.nttdata.javat1.game.Game - [menu] - MÉTODO MENU EJECUTADO CORRECTAMENTE
20:42:38.151 [main] INFO  JAVA.nttdata.javat1.T1MainPPAlba - [main] - FIN DEL PROGRAMA
20:44:18.545 [main] INFO  JAVA.nttdata.javat1.T1MainPPAlba - [main] - LANZAMIENTO DEL PROGRAMA
20:44:18.548 [main] INFO  JAVA.nttdata.javat1.game.Game - [menu] - ENTRADA AL MÉTODO MENU
20:44:23.948 [main] INFO  JAVA.nttdata.javat1.game.Game - [newPlayer] - ENTRADA AL MÉTODO DE CREACIÓN DE UN NUEVO JUGADOR
20:44:25.908 [main] INFO  JAVA.nttdata.javat1.game.Player - [<init>] - JUGADOR CREADO : Alba
20:44:25.908 [main] INFO  JAVA.nttdata.javat1.game.Game - [newPlayer] - MÉTODO EJECUTADO CORRECTAMENTE
20:44:27.583 [main] INFO  JAVA.nttdata.javat1.game.Ball - [StartScore] - ENTRADA AL MÉTODO DE ASIGNACIÓN DE PUNTUACIÓN
20:44:27.584 [main] INFO  JAVA.nttdata.javat1.game.Ball - [random] - ENTRADA AL MÉTODO RANDOM
20:44:27.584 [main] INFO  JAVA.nttdata.javat1.game.Ball - [random] - MÉTODO RANDOM EJECUTADO CORRECTAMENTE
20:44:27.585 [main] INFO  JAVA.nttdata.javat1.game.Ball - [random] - ENTRADA AL MÉTODO RANDOM
20:44:27.585 [main] INFO  JAVA.nttdata.javat1.game.Ball - [random] - MÉTODO RANDOM EJECUTADO CORRECTAMENTE
20:44:27.585 [main] INFO  JAVA.nttdata.javat1.game.Ball - [StartScore] - ASIGNACIÓN DE PUNTUACIÓN CORRECTA
20:44:30.774 [main] INFO  JAVA.nttdata.javat1.game.Player - [toString] - INFORMACIÓN QUE SALE POR PANTALLA DEL JUGADOR : Alba , 1000
20:44:32.838 [main] INFO  JAVA.nttdata.javat1.game.Game - [newPlayer] - ENTRADA AL MÉTODO DE CREACIÓN DE UN NUEVO JUGADOR
20:44:34.618 [main] INFO  JAVA.nttdata.javat1.game.Player - [<init>] - JUGADOR CREADO : Juan
20:44:34.619 [main] INFO  JAVA.nttdata.javat1.game.Game - [newPlayer] - MÉTODO EJECUTADO CORRECTAMENTE
20:44:35.961 [main] INFO  JAVA.nttdata.javat1.game.Ball - [StartScore] - ENTRADA AL MÉTODO DE ASIGNACIÓN DE PUNTUACIÓN
20:44:35.962 [main] INFO  JAVA.nttdata.javat1.game.Ball - [random] - ENTRADA AL MÉTODO RANDOM
20:44:35.962 [main] INFO  JAVA.nttdata.javat1.game.Ball - [random] - MÉTODO RANDOM EJECUTADO CORRECTAMENTE
20:44:35.963 [main] INFO  JAVA.nttdata.javat1.game.Ball - [random] - ENTRADA AL MÉTODO RANDOM
20:44:35.963 [main] INFO  JAVA.nttdata.javat1.game.Ball - [random] - MÉTODO RANDOM EJECUTADO CORRECTAMENTE
20:44:35.964 [main] INFO  JAVA.nttdata.javat1.game.Ball - [random] - ENTRADA AL MÉTODO RANDOM
20:44:35.964 [main] INFO  JAVA.nttdata.javat1.game.Ball - [random] - MÉTODO RANDOM EJECUTADO CORRECTAMENTE
20:44:35.964 [main] INFO  JAVA.nttdata.javat1.game.Ball - [random] - ENTRADA AL MÉTODO RANDOM
20:44:35.965 [main] INFO  JAVA.nttdata.javat1.game.Ball - [random] - MÉTODO RANDOM EJECUTADO CORRECTAMENTE
20:44:35.965 [main] INFO  JAVA.nttdata.javat1.game.Ball - [random] - ENTRADA AL MÉTODO RANDOM
20:44:35.965 [main] INFO  JAVA.nttdata.javat1.game.Ball - [random] - MÉTODO RANDOM EJECUTADO CORRECTAMENTE
20:44:35.965 [main] INFO  JAVA.nttdata.javat1.game.Ball - [random] - ENTRADA AL MÉTODO RANDOM
20:44:35.965 [main] INFO  JAVA.nttdata.javat1.game.Ball - [random] - MÉTODO RANDOM EJECUTADO CORRECTAMENTE
20:44:35.966 [main] INFO  JAVA.nttdata.javat1.game.Ball - [random] - ENTRADA AL MÉTODO RANDOM
20:44:35.966 [main] INFO  JAVA.nttdata.javat1.game.Ball - [random] - MÉTODO RANDOM EJECUTADO CORRECTAMENTE
20:44:35.966 [main] INFO  JAVA.nttdata.javat1.game.Ball - [StartScore] - ASIGNACIÓN DE PUNTUACIÓN CORRECTA
20:44:40.493 [main] INFO  JAVA.nttdata.javat1.game.Score - [compare] - ENTRADA AL MÉTODO COMPARACION DE PUNTUACIONES
20:44:40.494 [main] INFO  JAVA.nttdata.javat1.game.Score - [compare] - MÉTODO FINALIZADO, DIFERENCIA DE PUNTUACIÓN OBTENIDA : -10000
20:44:40.495 [main] INFO  JAVA.nttdata.javat1.game.Player - [toString] - INFORMACIÓN QUE SALE POR PANTALLA DEL JUGADOR : Juan , 11000
20:44:40.495 [main] INFO  JAVA.nttdata.javat1.game.Player - [toString] - INFORMACIÓN QUE SALE POR PANTALLA DEL JUGADOR : Alba , 1000
20:44:43.532 [main] INFO  JAVA.nttdata.javat1.game.Game - [newPlayer] - ENTRADA AL MÉTODO DE CREACIÓN DE UN NUEVO JUGADOR
20:44:44.955 [main] INFO  JAVA.nttdata.javat1.game.Player - [<init>] - JUGADOR CREADO : Jose
20:44:44.956 [main] INFO  JAVA.nttdata.javat1.game.Game - [newPlayer] - MÉTODO EJECUTADO CORRECTAMENTE
20:44:46.164 [main] INFO  JAVA.nttdata.javat1.game.Ball - [StartScore] - ENTRADA AL MÉTODO DE ASIGNACIÓN DE PUNTUACIÓN
20:44:46.165 [main] INFO  JAVA.nttdata.javat1.game.Ball - [random] - ENTRADA AL MÉTODO RANDOM
20:44:46.165 [main] INFO  JAVA.nttdata.javat1.game.Ball - [random] - MÉTODO RANDOM EJECUTADO CORRECTAMENTE
20:44:46.166 [main] INFO  JAVA.nttdata.javat1.game.Ball - [random] - ENTRADA AL MÉTODO RANDOM
20:44:46.166 [main] INFO  JAVA.nttdata.javat1.game.Ball - [random] - MÉTODO RANDOM EJECUTADO CORRECTAMENTE
20:44:46.166 [main] INFO  JAVA.nttdata.javat1.game.Ball - [random] - ENTRADA AL MÉTODO RANDOM
20:44:46.166 [main] INFO  JAVA.nttdata.javat1.game.Ball - [random] - MÉTODO RANDOM EJECUTADO CORRECTAMENTE
20:44:46.166 [main] INFO  JAVA.nttdata.javat1.game.Ball - [random] - ENTRADA AL MÉTODO RANDOM
20:44:46.168 [main] INFO  JAVA.nttdata.javat1.game.Ball - [random] - MÉTODO RANDOM EJECUTADO CORRECTAMENTE
20:44:46.168 [main] INFO  JAVA.nttdata.javat1.game.Ball - [random] - ENTRADA AL MÉTODO RANDOM
20:44:46.168 [main] INFO  JAVA.nttdata.javat1.game.Ball - [random] - MÉTODO RANDOM EJECUTADO CORRECTAMENTE
20:44:46.168 [main] INFO  JAVA.nttdata.javat1.game.Ball - [random] - ENTRADA AL MÉTODO RANDOM
20:44:46.169 [main] INFO  JAVA.nttdata.javat1.game.Ball - [random] - MÉTODO RANDOM EJECUTADO CORRECTAMENTE
20:44:46.169 [main] INFO  JAVA.nttdata.javat1.game.Ball - [random] - ENTRADA AL MÉTODO RANDOM
20:44:46.169 [main] INFO  JAVA.nttdata.javat1.game.Ball - [random] - MÉTODO RANDOM EJECUTADO CORRECTAMENTE
20:44:46.169 [main] INFO  JAVA.nttdata.javat1.game.Ball - [random] - ENTRADA AL MÉTODO RANDOM
20:44:46.170 [main] INFO  JAVA.nttdata.javat1.game.Ball - [random] - MÉTODO RANDOM EJECUTADO CORRECTAMENTE
20:44:46.170 [main] INFO  JAVA.nttdata.javat1.game.Ball - [StartScore] - ASIGNACIÓN DE PUNTUACIÓN CORRECTA
20:44:48.682 [main] INFO  JAVA.nttdata.javat1.game.Score - [compare] - ENTRADA AL MÉTODO COMPARACION DE PUNTUACIONES
20:44:48.682 [main] INFO  JAVA.nttdata.javat1.game.Score - [compare] - MÉTODO FINALIZADO, DIFERENCIA DE PUNTUACIÓN OBTENIDA : 10000
20:44:48.683 [main] INFO  JAVA.nttdata.javat1.game.Score - [compare] - ENTRADA AL MÉTODO COMPARACION DE PUNTUACIONES
20:44:48.683 [main] INFO  JAVA.nttdata.javat1.game.Score - [compare] - MÉTODO FINALIZADO, DIFERENCIA DE PUNTUACIÓN OBTENIDA : -27000
20:44:48.683 [main] INFO  JAVA.nttdata.javat1.game.Score - [compare] - ENTRADA AL MÉTODO COMPARACION DE PUNTUACIONES
20:44:48.683 [main] INFO  JAVA.nttdata.javat1.game.Score - [compare] - MÉTODO FINALIZADO, DIFERENCIA DE PUNTUACIÓN OBTENIDA : -27000
20:44:48.684 [main] INFO  JAVA.nttdata.javat1.game.Score - [compare] - ENTRADA AL MÉTODO COMPARACION DE PUNTUACIONES
20:44:48.684 [main] INFO  JAVA.nttdata.javat1.game.Score - [compare] - MÉTODO FINALIZADO, DIFERENCIA DE PUNTUACIÓN OBTENIDA : -17000
20:44:48.685 [main] INFO  JAVA.nttdata.javat1.game.Player - [toString] - INFORMACIÓN QUE SALE POR PANTALLA DEL JUGADOR : Jose , 28000
20:44:48.685 [main] INFO  JAVA.nttdata.javat1.game.Player - [toString] - INFORMACIÓN QUE SALE POR PANTALLA DEL JUGADOR : Juan , 11000
20:44:48.686 [main] INFO  JAVA.nttdata.javat1.game.Player - [toString] - INFORMACIÓN QUE SALE POR PANTALLA DEL JUGADOR : Alba , 1000
20:44:50.148 [main] INFO  JAVA.nttdata.javat1.game.Game - [menu] - MÉTODO MENU EJECUTADO CORRECTAMENTE
20:44:50.149 [main] INFO  JAVA.nttdata.javat1.T1MainPPAlba - [main] - FIN DEL PROGRAMA
